Flow report for lab5
Fri Mar 24 15:07:29 2023
Quartus II 64-Bit Version 14.0.2 Build 209 09/17/2014 SJ Full Version


---------------------
; Table of Contents ;
---------------------
  1. Legal Notice
  2. Flow Summary
  3. Flow Settings
  4. Flow Non-Default Global Settings
  5. Flow Elapsed Time
  6. Flow OS Summary
  7. Flow Log
  8. Flow Messages
  9. Flow Suppressed Messages



----------------
; Legal Notice ;
----------------
Copyright (C) 1991-2014 Altera Corporation. All rights reserved.
Your use of Altera Corporation's design tools, logic functions 
and other software and tools, and its AMPP partner logic 
functions, and any output files from any of the foregoing 
(including device programming or simulation files), and any 
associated documentation or information are expressly subject 
to the terms and conditions of the Altera Program License 
Subscription Agreement, the Altera Quartus II License Agreement,
the Altera MegaCore Function License Agreement, or other 
applicable license agreement, including, without limitation, 
that your use is for the sole purpose of programming logic 
devices manufactured by Altera and sold by Altera or its 
authorized distributors.  Please refer to the applicable 
agreement for further details.



+----------------------------------------------------------------------------------+
; Flow Summary                                                                     ;
+------------------------------------+---------------------------------------------+
; Flow Status                        ; Successful - Fri Mar 24 15:07:29 2023       ;
; Quartus II 64-Bit Version          ; 14.0.2 Build 209 09/17/2014 SJ Full Version ;
; Revision Name                      ; lab5                                        ;
; Top-level Entity Name              ; Control                                     ;
; Family                             ; Cyclone IV E                                ;
; Device                             ; EP4CE115F29C7                               ;
; Timing Models                      ; Final                                       ;
; Total logic elements               ; 114 / 114,480 ( < 1 % )                     ;
;     Total combinational functions  ; 114 / 114,480 ( < 1 % )                     ;
;     Dedicated logic registers      ; 3 / 114,480 ( < 1 % )                       ;
; Total registers                    ; 3                                           ;
; Total pins                         ; 65 / 529 ( 12 % )                           ;
; Total virtual pins                 ; 0                                           ;
; Total memory bits                  ; 0 / 3,981,312 ( 0 % )                       ;
; Embedded Multiplier 9-bit elements ; 0 / 532 ( 0 % )                             ;
; Total PLLs                         ; 0 / 4 ( 0 % )                               ;
+------------------------------------+---------------------------------------------+


+-----------------------------------------+
; Flow Settings                           ;
+-------------------+---------------------+
; Option            ; Setting             ;
+-------------------+---------------------+
; Start date & time ; 03/17/2023 12:08:10 ;
; Main task         ; Compilation         ;
; Revision Name     ; lab5                ;
+-------------------+---------------------+


+-----------------------------------------------------------------------------------------------------------------------------------------+
; Flow Non-Default Global Settings                                                                                                        ;
+-------------------------------------+----------------------------------------------------+---------------+-------------+----------------+
; Assignment Name                     ; Value                                              ; Default Value ; Entity Name ; Section Id     ;
+-------------------------------------+----------------------------------------------------+---------------+-------------+----------------+
; COMPILER_SIGNATURE_ID               ; 203178703716048.167906929005755                    ; --            ; --          ; --             ;
; EDA_GENERATE_FUNCTIONAL_NETLIST     ; On                                                 ; --            ; --          ; eda_simulation ;
; EDA_NETLIST_WRITER_OUTPUT_DIR       ; /home/student1/vjadon/coe608/lab5/simulation/qsim/ ; --            ; --          ; eda_simulation ;
; EDA_OUTPUT_DATA_FORMAT              ; Verilog Hdl                                        ; --            ; --          ; eda_simulation ;
; EDA_SIMULATION_TOOL                 ; ModelSim-Altera (Verilog)                          ; <None>        ; --          ; --             ;
; MAX_CORE_JUNCTION_TEMP              ; 85                                                 ; --            ; --          ; --             ;
; MIN_CORE_JUNCTION_TEMP              ; 0                                                  ; --            ; --          ; --             ;
; NOMINAL_CORE_SUPPLY_VOLTAGE         ; 1.2V                                               ; --            ; --          ; --             ;
; PARTITION_COLOR                     ; 16764057                                           ; --            ; Control     ; Top            ;
; PARTITION_FITTER_PRESERVATION_LEVEL ; PLACEMENT_AND_ROUTING                              ; --            ; Control     ; Top            ;
; PARTITION_NETLIST_TYPE              ; SOURCE                                             ; --            ; Control     ; Top            ;
; PROJECT_OUTPUT_DIRECTORY            ; output_files                                       ; --            ; --          ; --             ;
; TOP_LEVEL_ENTITY                    ; Control                                            ; lab5          ; --          ; --             ;
+-------------------------------------+----------------------------------------------------+---------------+-------------+----------------+


+-------------------------------------------------------------------------------------------------------------------------------+
; Flow Elapsed Time                                                                                                             ;
+---------------------------+--------------+-------------------------+---------------------+------------------------------------+
; Module Name               ; Elapsed Time ; Average Processors Used ; Peak Virtual Memory ; Total CPU Time (on all processors) ;
+---------------------------+--------------+-------------------------+---------------------+------------------------------------+
; Analysis & Synthesis      ; 00:00:04     ; 1.0                     ; 958 MB              ; 00:00:02                           ;
; Fitter                    ; 00:00:19     ; 1.7                     ; 1482 MB             ; 00:00:24                           ;
; Assembler                 ; 00:00:05     ; 1.0                     ; 777 MB              ; 00:00:04                           ;
; TimeQuest Timing Analyzer ; 00:00:06     ; 1.0                     ; 895 MB              ; 00:00:03                           ;
; EDA Netlist Writer        ; 00:00:01     ; 1.0                     ; 884 MB              ; 00:00:01                           ;
; EDA Netlist Writer        ; 00:00:01     ; 1.0                     ; 997 MB              ; 00:00:01                           ;
; EDA Netlist Writer        ; 00:00:01     ; 1.0                     ; 1009 MB             ; 00:00:01                           ;
; EDA Netlist Writer        ; 00:00:01     ; 1.0                     ; 997 MB              ; 00:00:01                           ;
; EDA Netlist Writer        ; 00:00:01     ; 1.0                     ; 1002 MB             ; 00:00:01                           ;
; EDA Netlist Writer        ; 00:00:01     ; 1.0                     ; 1009 MB             ; 00:00:01                           ;
; EDA Netlist Writer        ; 00:00:01     ; 1.0                     ; 1002 MB             ; 00:00:01                           ;
; EDA Netlist Writer        ; 00:00:01     ; 1.0                     ; 997 MB              ; 00:00:01                           ;
; EDA Netlist Writer        ; 00:00:01     ; 1.0                     ; 1009 MB             ; 00:00:01                           ;
; EDA Netlist Writer        ; 00:00:00     ; 1.0                     ; 1009 MB             ; 00:00:01                           ;
; EDA Netlist Writer        ; 00:00:00     ; 1.0                     ; 1002 MB             ; 00:00:01                           ;
; EDA Netlist Writer        ; 00:00:01     ; 1.0                     ; 997 MB              ; 00:00:01                           ;
; EDA Netlist Writer        ; 00:00:01     ; 1.0                     ; 1002 MB             ; 00:00:01                           ;
; EDA Netlist Writer        ; 00:00:01     ; 1.0                     ; 997 MB              ; 00:00:01                           ;
; EDA Netlist Writer        ; 00:00:01     ; 1.0                     ; 1002 MB             ; 00:00:01                           ;
; EDA Netlist Writer        ; 00:00:01     ; 1.0                     ; 997 MB              ; 00:00:01                           ;
; EDA Netlist Writer        ; 00:00:01     ; 1.0                     ; 1002 MB             ; 00:00:01                           ;
; EDA Netlist Writer        ; 00:00:01     ; 1.0                     ; 997 MB              ; 00:00:01                           ;
; EDA Netlist Writer        ; 00:00:01     ; 1.0                     ; 1014 MB             ; 00:00:01                           ;
; EDA Netlist Writer        ; 00:00:01     ; 1.0                     ; 998 MB              ; 00:00:01                           ;
; EDA Netlist Writer        ; 00:00:02     ; 1.0                     ; 1002 MB             ; 00:00:01                           ;
; EDA Netlist Writer        ; 00:00:01     ; 1.0                     ; 997 MB              ; 00:00:01                           ;
; EDA Netlist Writer        ; 00:00:01     ; 1.0                     ; 1009 MB             ; 00:00:01                           ;
; EDA Netlist Writer        ; 00:00:01     ; 1.0                     ; 997 MB              ; 00:00:01                           ;
; EDA Netlist Writer        ; 00:00:01     ; 1.0                     ; 1009 MB             ; 00:00:01                           ;
; EDA Netlist Writer        ; 00:00:01     ; 1.0                     ; 997 MB              ; 00:00:01                           ;
; EDA Netlist Writer        ; 00:00:01     ; 1.0                     ; 1003 MB             ; 00:00:01                           ;
; EDA Netlist Writer        ; 00:00:01     ; 1.0                     ; 997 MB              ; 00:00:01                           ;
; EDA Netlist Writer        ; 00:00:01     ; 1.0                     ; 1002 MB             ; 00:00:01                           ;
; EDA Netlist Writer        ; 00:00:01     ; 1.0                     ; 997 MB              ; 00:00:01                           ;
; EDA Netlist Writer        ; 00:00:00     ; 1.0                     ; 1002 MB             ; 00:00:01                           ;
; EDA Netlist Writer        ; 00:00:01     ; 1.0                     ; 998 MB              ; 00:00:01                           ;
; EDA Netlist Writer        ; 00:00:00     ; 1.0                     ; 1002 MB             ; 00:00:01                           ;
; EDA Netlist Writer        ; 00:00:01     ; 1.0                     ; 997 MB              ; 00:00:01                           ;
; EDA Netlist Writer        ; 00:00:01     ; 1.0                     ; 1009 MB             ; 00:00:01                           ;
; EDA Netlist Writer        ; 00:00:01     ; 1.0                     ; 997 MB              ; 00:00:01                           ;
; EDA Netlist Writer        ; 00:00:00     ; 1.0                     ; 1002 MB             ; 00:00:01                           ;
; EDA Netlist Writer        ; 00:00:01     ; 1.0                     ; 997 MB              ; 00:00:01                           ;
; EDA Netlist Writer        ; 00:00:01     ; 1.0                     ; 1002 MB             ; 00:00:01                           ;
; EDA Netlist Writer        ; 00:00:01     ; 1.0                     ; 997 MB              ; 00:00:01                           ;
; EDA Netlist Writer        ; 00:00:01     ; 1.0                     ; 1002 MB             ; 00:00:01                           ;
; EDA Netlist Writer        ; 00:00:01     ; 1.0                     ; 997 MB              ; 00:00:01                           ;
; EDA Netlist Writer        ; 00:00:01     ; 1.0                     ; 1002 MB             ; 00:00:01                           ;
; EDA Netlist Writer        ; 00:00:01     ; 1.0                     ; 1009 MB             ; 00:00:01                           ;
; EDA Netlist Writer        ; 00:00:01     ; 1.0                     ; 1002 MB             ; 00:00:01                           ;
; EDA Netlist Writer        ; 00:00:00     ; 1.0                     ; 997 MB              ; 00:00:01                           ;
; EDA Netlist Writer        ; 00:00:00     ; 1.0                     ; 1002 MB             ; 00:00:01                           ;
; EDA Netlist Writer        ; 00:00:01     ; 1.0                     ; 997 MB              ; 00:00:01                           ;
; EDA Netlist Writer        ; 00:00:00     ; 1.0                     ; 1002 MB             ; 00:00:01                           ;
; EDA Netlist Writer        ; 00:00:01     ; 1.0                     ; 997 MB              ; 00:00:01                           ;
; EDA Netlist Writer        ; 00:00:01     ; 1.0                     ; 1002 MB             ; 00:00:01                           ;
; EDA Netlist Writer        ; 00:00:01     ; 1.0                     ; 997 MB              ; 00:00:01                           ;
; EDA Netlist Writer        ; 00:00:02     ; 1.0                     ; 1018 MB             ; 00:00:01                           ;
; EDA Netlist Writer        ; 00:00:01     ; 1.0                     ; 997 MB              ; 00:00:01                           ;
; EDA Netlist Writer        ; 00:00:01     ; 1.0                     ; 1002 MB             ; 00:00:01                           ;
; EDA Netlist Writer        ; 00:00:01     ; 1.0                     ; 997 MB              ; 00:00:01                           ;
; EDA Netlist Writer        ; 00:00:01     ; 1.0                     ; 1002 MB             ; 00:00:01                           ;
; EDA Netlist Writer        ; 00:00:01     ; 1.0                     ; 997 MB              ; 00:00:01                           ;
; EDA Netlist Writer        ; 00:00:02     ; 1.0                     ; 1002 MB             ; 00:00:01                           ;
; EDA Netlist Writer        ; 00:00:01     ; 1.0                     ; 997 MB              ; 00:00:01                           ;
; EDA Netlist Writer        ; 00:00:01     ; 1.0                     ; 1002 MB             ; 00:00:01                           ;
; EDA Netlist Writer        ; 00:00:01     ; 1.0                     ; 997 MB              ; 00:00:01                           ;
; EDA Netlist Writer        ; 00:00:01     ; 1.0                     ; 1009 MB             ; 00:00:01                           ;
; EDA Netlist Writer        ; 00:00:01     ; 1.0                     ; 997 MB              ; 00:00:01                           ;
; EDA Netlist Writer        ; 00:00:02     ; 1.0                     ; 1009 MB             ; 00:00:01                           ;
; EDA Netlist Writer        ; 00:00:01     ; 1.0                     ; 997 MB              ; 00:00:01                           ;
; EDA Netlist Writer        ; 00:00:01     ; 1.0                     ; 1009 MB             ; 00:00:01                           ;
; EDA Netlist Writer        ; 00:00:01     ; 1.0                     ; 997 MB              ; 00:00:01                           ;
; EDA Netlist Writer        ; 00:00:01     ; 1.0                     ; 1009 MB             ; 00:00:01                           ;
; EDA Netlist Writer        ; 00:00:01     ; 1.0                     ; 1009 MB             ; 00:00:01                           ;
; EDA Netlist Writer        ; 00:00:02     ; 1.0                     ; 1002 MB             ; 00:00:01                           ;
; EDA Netlist Writer        ; 00:00:01     ; 1.0                     ; 997 MB              ; 00:00:01                           ;
; EDA Netlist Writer        ; 00:00:01     ; 1.0                     ; 1002 MB             ; 00:00:01                           ;
; EDA Netlist Writer        ; 00:00:01     ; 1.0                     ; 997 MB              ; 00:00:01                           ;
; EDA Netlist Writer        ; 00:00:01     ; 1.0                     ; 1002 MB             ; 00:00:01                           ;
; EDA Netlist Writer        ; 00:00:01     ; 1.0                     ; 1009 MB             ; 00:00:01                           ;
; EDA Netlist Writer        ; 00:00:01     ; 1.0                     ; 1002 MB             ; 00:00:01                           ;
; EDA Netlist Writer        ; 00:00:01     ; 1.0                     ; 997 MB              ; 00:00:01                           ;
; EDA Netlist Writer        ; 00:00:01     ; 1.0                     ; 1009 MB             ; 00:00:01                           ;
; EDA Netlist Writer        ; 00:00:01     ; 1.0                     ; 997 MB              ; 00:00:01                           ;
; EDA Netlist Writer        ; 00:00:01     ; 1.0                     ; 1002 MB             ; 00:00:01                           ;
; EDA Netlist Writer        ; 00:00:01     ; 1.0                     ; 997 MB              ; 00:00:01                           ;
; EDA Netlist Writer        ; 00:00:01     ; 1.0                     ; 1002 MB             ; 00:00:01                           ;
; Total                     ; 00:01:54     ; --                      ; --                  ; 00:01:56                           ;
+---------------------------+--------------+-------------------------+---------------------+------------------------------------+


+--------------------------------------------------------------------------------------------------+
; Flow OS Summary                                                                                  ;
+---------------------------+-----------------------+--------------+--------------+----------------+
; Module Name               ; Machine Hostname      ; OS Name      ; OS Version   ; Processor type ;
+---------------------------+-----------------------+--------------+--------------+----------------+
; Analysis & Synthesis      ; cmp39.ee.ryerson.ca   ; CentOS Linux ; CentOS Linux ; x86_64         ;
; Fitter                    ; cmp39.ee.ryerson.ca   ; CentOS Linux ; CentOS Linux ; x86_64         ;
; Assembler                 ; cmp39.ee.ryerson.ca   ; CentOS Linux ; CentOS Linux ; x86_64         ;
; TimeQuest Timing Analyzer ; cmp39.ee.ryerson.ca   ; CentOS Linux ; CentOS Linux ; x86_64         ;
; EDA Netlist Writer        ; cmp39.ee.ryerson.ca   ; CentOS Linux ; CentOS Linux ; x86_64         ;
; EDA Netlist Writer        ; cmp39.ee.ryerson.ca   ; CentOS Linux ; CentOS Linux ; x86_64         ;
; EDA Netlist Writer        ; cmp39.ee.ryerson.ca   ; CentOS Linux ; CentOS Linux ; x86_64         ;
; EDA Netlist Writer        ; cmp58.ee.ryerson.ca   ; CentOS Linux ; CentOS Linux ; x86_64         ;
; EDA Netlist Writer        ; cmp58.ee.ryerson.ca   ; CentOS Linux ; CentOS Linux ; x86_64         ;
; EDA Netlist Writer        ; cmp58.ee.ryerson.ca   ; CentOS Linux ; CentOS Linux ; x86_64         ;
; EDA Netlist Writer        ; cmp58.ee.ryerson.ca   ; CentOS Linux ; CentOS Linux ; x86_64         ;
; EDA Netlist Writer        ; cmp58.ee.ryerson.ca   ; CentOS Linux ; CentOS Linux ; x86_64         ;
; EDA Netlist Writer        ; cmp58.ee.ryerson.ca   ; CentOS Linux ; CentOS Linux ; x86_64         ;
; EDA Netlist Writer        ; cmp58.ee.ryerson.ca   ; CentOS Linux ; CentOS Linux ; x86_64         ;
; EDA Netlist Writer        ; cmp58.ee.ryerson.ca   ; CentOS Linux ; CentOS Linux ; x86_64         ;
; EDA Netlist Writer        ; cmp58.ee.ryerson.ca   ; CentOS Linux ; CentOS Linux ; x86_64         ;
; EDA Netlist Writer        ; cmp58.ee.ryerson.ca   ; CentOS Linux ; CentOS Linux ; x86_64         ;
; EDA Netlist Writer        ; cmp58.ee.ryerson.ca   ; CentOS Linux ; CentOS Linux ; x86_64         ;
; EDA Netlist Writer        ; cmp58.ee.ryerson.ca   ; CentOS Linux ; CentOS Linux ; x86_64         ;
; EDA Netlist Writer        ; cmp58.ee.ryerson.ca   ; CentOS Linux ; CentOS Linux ; x86_64         ;
; EDA Netlist Writer        ; cmp58.ee.ryerson.ca   ; CentOS Linux ; CentOS Linux ; x86_64         ;
; EDA Netlist Writer        ; cmp58.ee.ryerson.ca   ; CentOS Linux ; CentOS Linux ; x86_64         ;
; EDA Netlist Writer        ; cmp58.ee.ryerson.ca   ; CentOS Linux ; CentOS Linux ; x86_64         ;
; EDA Netlist Writer        ; cmp58.ee.ryerson.ca   ; CentOS Linux ; CentOS Linux ; x86_64         ;
; EDA Netlist Writer        ; cmp58.ee.ryerson.ca   ; CentOS Linux ; CentOS Linux ; x86_64         ;
; EDA Netlist Writer        ; cmp58.ee.ryerson.ca   ; CentOS Linux ; CentOS Linux ; x86_64         ;
; EDA Netlist Writer        ; cmp58.ee.ryerson.ca   ; CentOS Linux ; CentOS Linux ; x86_64         ;
; EDA Netlist Writer        ; cmp58.ee.ryerson.ca   ; CentOS Linux ; CentOS Linux ; x86_64         ;
; EDA Netlist Writer        ; cmp58.ee.ryerson.ca   ; CentOS Linux ; CentOS Linux ; x86_64         ;
; EDA Netlist Writer        ; cmp58.ee.ryerson.ca   ; CentOS Linux ; CentOS Linux ; x86_64         ;
; EDA Netlist Writer        ; cmp58.ee.ryerson.ca   ; CentOS Linux ; CentOS Linux ; x86_64         ;
; EDA Netlist Writer        ; cmp58.ee.ryerson.ca   ; CentOS Linux ; CentOS Linux ; x86_64         ;
; EDA Netlist Writer        ; cmp58.ee.ryerson.ca   ; CentOS Linux ; CentOS Linux ; x86_64         ;
; EDA Netlist Writer        ; cmp58.ee.ryerson.ca   ; CentOS Linux ; CentOS Linux ; x86_64         ;
; EDA Netlist Writer        ; cmp58.ee.ryerson.ca   ; CentOS Linux ; CentOS Linux ; x86_64         ;
; EDA Netlist Writer        ; cmp58.ee.ryerson.ca   ; CentOS Linux ; CentOS Linux ; x86_64         ;
; EDA Netlist Writer        ; cmp58.ee.ryerson.ca   ; CentOS Linux ; CentOS Linux ; x86_64         ;
; EDA Netlist Writer        ; cmp58.ee.ryerson.ca   ; CentOS Linux ; CentOS Linux ; x86_64         ;
; EDA Netlist Writer        ; cmp58.ee.ryerson.ca   ; CentOS Linux ; CentOS Linux ; x86_64         ;
; EDA Netlist Writer        ; cmp58.ee.ryerson.ca   ; CentOS Linux ; CentOS Linux ; x86_64         ;
; EDA Netlist Writer        ; cmp58.ee.ryerson.ca   ; CentOS Linux ; CentOS Linux ; x86_64         ;
; EDA Netlist Writer        ; cmp58.ee.ryerson.ca   ; CentOS Linux ; CentOS Linux ; x86_64         ;
; EDA Netlist Writer        ; cmp58.ee.ryerson.ca   ; CentOS Linux ; CentOS Linux ; x86_64         ;
; EDA Netlist Writer        ; cmp58.ee.ryerson.ca   ; CentOS Linux ; CentOS Linux ; x86_64         ;
; EDA Netlist Writer        ; cmp58.ee.ryerson.ca   ; CentOS Linux ; CentOS Linux ; x86_64         ;
; EDA Netlist Writer        ; cmp58.ee.ryerson.ca   ; CentOS Linux ; CentOS Linux ; x86_64         ;
; EDA Netlist Writer        ; cmp58.ee.ryerson.ca   ; CentOS Linux ; CentOS Linux ; x86_64         ;
; EDA Netlist Writer        ; cmp58.ee.ryerson.ca   ; CentOS Linux ; CentOS Linux ; x86_64         ;
; EDA Netlist Writer        ; cmp58.ee.ryerson.ca   ; CentOS Linux ; CentOS Linux ; x86_64         ;
; EDA Netlist Writer        ; cmp58.ee.ryerson.ca   ; CentOS Linux ; CentOS Linux ; x86_64         ;
; EDA Netlist Writer        ; cmp58.ee.ryerson.ca   ; CentOS Linux ; CentOS Linux ; x86_64         ;
; EDA Netlist Writer        ; cmp58.ee.ryerson.ca   ; CentOS Linux ; CentOS Linux ; x86_64         ;
; EDA Netlist Writer        ; cmp58.ee.ryerson.ca   ; CentOS Linux ; CentOS Linux ; x86_64         ;
; EDA Netlist Writer        ; cmp58.ee.ryerson.ca   ; CentOS Linux ; CentOS Linux ; x86_64         ;
; EDA Netlist Writer        ; cmp58.ee.ryerson.ca   ; CentOS Linux ; CentOS Linux ; x86_64         ;
; EDA Netlist Writer        ; cmp58.ee.ryerson.ca   ; CentOS Linux ; CentOS Linux ; x86_64         ;
; EDA Netlist Writer        ; cmp58.ee.ryerson.ca   ; CentOS Linux ; CentOS Linux ; x86_64         ;
; EDA Netlist Writer        ; cmp28.ee.ryerson.ca   ; CentOS Linux ; CentOS Linux ; x86_64         ;
; EDA Netlist Writer        ; cmp28.ee.ryerson.ca   ; CentOS Linux ; CentOS Linux ; x86_64         ;
; EDA Netlist Writer        ; cmp28.ee.ryerson.ca   ; CentOS Linux ; CentOS Linux ; x86_64         ;
; EDA Netlist Writer        ; cmp28.ee.ryerson.ca   ; CentOS Linux ; CentOS Linux ; x86_64         ;
; EDA Netlist Writer        ; cmp28.ee.ryerson.ca   ; CentOS Linux ; CentOS Linux ; x86_64         ;
; EDA Netlist Writer        ; cmp28.ee.ryerson.ca   ; CentOS Linux ; CentOS Linux ; x86_64         ;
; EDA Netlist Writer        ; cmp28.ee.ryerson.ca   ; CentOS Linux ; CentOS Linux ; x86_64         ;
; EDA Netlist Writer        ; cmp28.ee.ryerson.ca   ; CentOS Linux ; CentOS Linux ; x86_64         ;
; EDA Netlist Writer        ; cmp28.ee.ryerson.ca   ; CentOS Linux ; CentOS Linux ; x86_64         ;
; EDA Netlist Writer        ; cmp28.ee.ryerson.ca   ; CentOS Linux ; CentOS Linux ; x86_64         ;
; EDA Netlist Writer        ; cmp28.ee.ryerson.ca   ; CentOS Linux ; CentOS Linux ; x86_64         ;
; EDA Netlist Writer        ; cmp28.ee.ryerson.ca   ; CentOS Linux ; CentOS Linux ; x86_64         ;
; EDA Netlist Writer        ; cmp28.ee.ryerson.ca   ; CentOS Linux ; CentOS Linux ; x86_64         ;
; EDA Netlist Writer        ; cmp28.ee.ryerson.ca   ; CentOS Linux ; CentOS Linux ; x86_64         ;
; EDA Netlist Writer        ; cmp28.ee.ryerson.ca   ; CentOS Linux ; CentOS Linux ; x86_64         ;
; EDA Netlist Writer        ; cmp28.ee.ryerson.ca   ; CentOS Linux ; CentOS Linux ; x86_64         ;
; EDA Netlist Writer        ; cmp28.ee.ryerson.ca   ; CentOS Linux ; CentOS Linux ; x86_64         ;
; EDA Netlist Writer        ; cmp28.ee.ryerson.ca   ; CentOS Linux ; CentOS Linux ; x86_64         ;
; EDA Netlist Writer        ; cmp28.ee.ryerson.ca   ; CentOS Linux ; CentOS Linux ; x86_64         ;
; EDA Netlist Writer        ; cmp28.ee.ryerson.ca   ; CentOS Linux ; CentOS Linux ; x86_64         ;
; EDA Netlist Writer        ; cmp28.ee.ryerson.ca   ; CentOS Linux ; CentOS Linux ; x86_64         ;
; EDA Netlist Writer        ; cmp28.ee.ryerson.ca   ; CentOS Linux ; CentOS Linux ; x86_64         ;
; EDA Netlist Writer        ; cmp28.ee.ryerson.ca   ; CentOS Linux ; CentOS Linux ; x86_64         ;
; EDA Netlist Writer        ; cmp28.ee.ryerson.ca   ; CentOS Linux ; CentOS Linux ; x86_64         ;
; EDA Netlist Writer        ; cmp28.ee.ryerson.ca   ; CentOS Linux ; CentOS Linux ; x86_64         ;
; EDA Netlist Writer        ; cmp28.ee.ryerson.ca   ; CentOS Linux ; CentOS Linux ; x86_64         ;
; EDA Netlist Writer        ; cantata.ee.ryerson.ca ; CentOS Linux ; CentOS Linux ; x86_64         ;
; EDA Netlist Writer        ; cantata.ee.ryerson.ca ; CentOS Linux ; CentOS Linux ; x86_64         ;
; EDA Netlist Writer        ; cantata.ee.ryerson.ca ; CentOS Linux ; CentOS Linux ; x86_64         ;
; EDA Netlist Writer        ; cantata.ee.ryerson.ca ; CentOS Linux ; CentOS Linux ; x86_64         ;
+---------------------------+-----------------------+--------------+--------------+----------------+


------------
; Flow Log ;
------------
quartus_map --read_settings_files=on --write_settings_files=off lab5 -c lab5
quartus_fit --read_settings_files=off --write_settings_files=off lab5 -c lab5
quartus_asm --read_settings_files=off --write_settings_files=off lab5 -c lab5
quartus_sta lab5 -c lab5
quartus_eda --read_settings_files=off --write_settings_files=off lab5 -c lab5
quartus_eda --gen_testbench --check_outputs=on --tool=modelsim_oem --format=verilog lab5 -c lab5 --vector_source=/home/student2/asazeez/Desktop/COE608/lab5/LDAI.vwf --testbench_file=/home/student2/asazeez/Desktop/COE608/lab5/simulation/qsim/LDAI.vwf.vt
quartus_eda --functional=on --flatten_buses=off --simulation=on --tool=modelsim_oem --format=verilog --output_directory=/home/student2/asazeez/Desktop/COE608/lab5/simulation/qsim/ lab5 -c lab5
quartus_eda --gen_testbench --check_outputs=on --tool=modelsim_oem --format=verilog lab5 -c lab5 --vector_source=/home/student2/asazeez/Desktop/COE608/lab5/LDAI.vwf --testbench_file=/home/student2/asazeez/Desktop/COE608/lab5/simulation/qsim/LDAI.vwf.vt
quartus_eda --functional=on --flatten_buses=off --simulation=on --tool=modelsim_oem --format=verilog --output_directory=/home/student2/asazeez/Desktop/COE608/lab5/simulation/qsim/ lab5 -c lab5
quartus_eda --gen_testbench --check_outputs=on --tool=modelsim_oem --format=verilog lab5 -c lab5 --vector_source=/home/student2/asazeez/Desktop/COE608/lab5/LDBI.vwf --testbench_file=/home/student2/asazeez/Desktop/COE608/lab5/simulation/qsim/LDBI.vwf.vt
quartus_eda --functional=on --flatten_buses=off --simulation=on --tool=modelsim_oem --format=verilog --output_directory=/home/student2/asazeez/Desktop/COE608/lab5/simulation/qsim/ lab5 -c lab5
quartus_eda --gen_testbench --check_outputs=on --tool=modelsim_oem --format=verilog lab5 -c lab5 --vector_source=/home/student2/asazeez/Desktop/COE608/lab5/STA.vwf --testbench_file=/home/student2/asazeez/Desktop/COE608/lab5/simulation/qsim/STA.vwf.vt
quartus_eda --functional=on --flatten_buses=off --simulation=on --tool=modelsim_oem --format=verilog --output_directory=/home/student2/asazeez/Desktop/COE608/lab5/simulation/qsim/ lab5 -c lab5
quartus_eda --gen_testbench --check_outputs=on --tool=modelsim_oem --format=verilog lab5 -c lab5 --vector_source=/home/student2/asazeez/Desktop/COE608/lab5/STB.vwf --testbench_file=/home/student2/asazeez/Desktop/COE608/lab5/simulation/qsim/STB.vwf.vt
quartus_eda --functional=on --flatten_buses=off --simulation=on --tool=modelsim_oem --format=verilog --output_directory=/home/student2/asazeez/Desktop/COE608/lab5/simulation/qsim/ lab5 -c lab5
quartus_eda --gen_testbench --check_outputs=on --tool=modelsim_oem --format=verilog lab5 -c lab5 --vector_source=/home/student2/asazeez/Desktop/COE608/lab5/LDA.vwf --testbench_file=/home/student2/asazeez/Desktop/COE608/lab5/simulation/qsim/LDA.vwf.vt
quartus_eda --functional=on --flatten_buses=off --simulation=on --tool=modelsim_oem --format=verilog --output_directory=/home/student2/asazeez/Desktop/COE608/lab5/simulation/qsim/ lab5 -c lab5
quartus_eda --gen_testbench --check_outputs=on --tool=modelsim_oem --format=verilog lab5 -c lab5 --vector_source=/home/student2/asazeez/Desktop/COE608/lab5/ldb.vwf --testbench_file=/home/student2/asazeez/Desktop/COE608/lab5/simulation/qsim/ldb.vwf.vt
quartus_eda --functional=on --flatten_buses=off --simulation=on --tool=modelsim_oem --format=verilog --output_directory=/home/student2/asazeez/Desktop/COE608/lab5/simulation/qsim/ lab5 -c lab5
quartus_eda --gen_testbench --check_outputs=on --tool=modelsim_oem --format=verilog lab5 -c lab5 --vector_source=/home/student2/asazeez/Desktop/COE608/lab5/LUI.vwf --testbench_file=/home/student2/asazeez/Desktop/COE608/lab5/simulation/qsim/LUI.vwf.vt
quartus_eda --functional=on --flatten_buses=off --simulation=on --tool=modelsim_oem --format=verilog --output_directory=/home/student2/asazeez/Desktop/COE608/lab5/simulation/qsim/ lab5 -c lab5
quartus_eda --gen_testbench --check_outputs=on --tool=modelsim_oem --format=verilog lab5 -c lab5 --vector_source=/home/student2/asazeez/Desktop/COE608/lab5/JMP.vwf --testbench_file=/home/student2/asazeez/Desktop/COE608/lab5/simulation/qsim/JMP.vwf.vt
quartus_eda --functional=on --flatten_buses=off --simulation=on --tool=modelsim_oem --format=verilog --output_directory=/home/student2/asazeez/Desktop/COE608/lab5/simulation/qsim/ lab5 -c lab5
quartus_eda --gen_testbench --check_outputs=on --tool=modelsim_oem --format=verilog lab5 -c lab5 --vector_source=/home/student2/asazeez/Desktop/COE608/lab5/BEQ.vwf --testbench_file=/home/student2/asazeez/Desktop/COE608/lab5/simulation/qsim/BEQ.vwf.vt
quartus_eda --functional=on --flatten_buses=off --simulation=on --tool=modelsim_oem --format=verilog --output_directory=/home/student2/asazeez/Desktop/COE608/lab5/simulation/qsim/ lab5 -c lab5
quartus_eda --gen_testbench --check_outputs=on --tool=modelsim_oem --format=verilog lab5 -c lab5 --vector_source=/home/student2/asazeez/Desktop/COE608/lab5/BNE.vwf --testbench_file=/home/student2/asazeez/Desktop/COE608/lab5/simulation/qsim/BNE.vwf.vt
quartus_eda --functional=on --flatten_buses=off --simulation=on --tool=modelsim_oem --format=verilog --output_directory=/home/student2/asazeez/Desktop/COE608/lab5/simulation/qsim/ lab5 -c lab5
quartus_eda --gen_testbench --check_outputs=on --tool=modelsim_oem --format=verilog lab5 -c lab5 --vector_source=/home/student2/asazeez/Desktop/COE608/lab5/ADD.vwf --testbench_file=/home/student2/asazeez/Desktop/COE608/lab5/simulation/qsim/ADD.vwf.vt
quartus_eda --functional=on --flatten_buses=off --simulation=on --tool=modelsim_oem --format=verilog --output_directory=/home/student2/asazeez/Desktop/COE608/lab5/simulation/qsim/ lab5 -c lab5
quartus_eda --gen_testbench --check_outputs=on --tool=modelsim_oem --format=verilog lab5 -c lab5 --vector_source=/home/student2/asazeez/Desktop/COE608/lab5/ADDI.vwf --testbench_file=/home/student2/asazeez/Desktop/COE608/lab5/simulation/qsim/ADDI.vwf.vt
quartus_eda --functional=on --flatten_buses=off --simulation=on --tool=modelsim_oem --format=verilog --output_directory=/home/student2/asazeez/Desktop/COE608/lab5/simulation/qsim/ lab5 -c lab5
quartus_eda --gen_testbench --check_outputs=on --tool=modelsim_oem --format=verilog lab5 -c lab5 --vector_source=/home/student2/asazeez/Desktop/COE608/lab5/SUB.vwf --testbench_file=/home/student2/asazeez/Desktop/COE608/lab5/simulation/qsim/SUB.vwf.vt
quartus_eda --functional=on --flatten_buses=off --simulation=on --tool=modelsim_oem --format=verilog --output_directory=/home/student2/asazeez/Desktop/COE608/lab5/simulation/qsim/ lab5 -c lab5
quartus_eda --gen_testbench --check_outputs=on --tool=modelsim_oem --format=verilog lab5 -c lab5 --vector_source=/home/student2/asazeez/Desktop/COE608/lab5/INCA.vwf --testbench_file=/home/student2/asazeez/Desktop/COE608/lab5/simulation/qsim/INCA.vwf.vt
quartus_eda --functional=on --flatten_buses=off --simulation=on --tool=modelsim_oem --format=verilog --output_directory=/home/student2/asazeez/Desktop/COE608/lab5/simulation/qsim/ lab5 -c lab5
quartus_eda --gen_testbench --check_outputs=on --tool=modelsim_oem --format=verilog lab5 -c lab5 --vector_source=/home/student2/asazeez/Desktop/COE608/lab5/ROL.vwf --testbench_file=/home/student2/asazeez/Desktop/COE608/lab5/simulation/qsim/ROL.vwf.vt
quartus_eda --functional=on --flatten_buses=off --simulation=on --tool=modelsim_oem --format=verilog --output_directory=/home/student2/asazeez/Desktop/COE608/lab5/simulation/qsim/ lab5 -c lab5
quartus_eda --gen_testbench --check_outputs=on --tool=modelsim_oem --format=verilog lab5 -c lab5 --vector_source=/home/student2/asazeez/Desktop/COE608/lab5/CLRA.vwf --testbench_file=/home/student2/asazeez/Desktop/COE608/lab5/simulation/qsim/CLRA.vwf.vt
quartus_eda --functional=on --flatten_buses=off --simulation=on --tool=modelsim_oem --format=verilog --output_directory=/home/student2/asazeez/Desktop/COE608/lab5/simulation/qsim/ lab5 -c lab5
quartus_eda --gen_testbench --check_outputs=on --tool=modelsim_oem --format=verilog lab5 -c lab5 --vector_source=/home/student2/asazeez/Desktop/COE608/lab5/CLRA.vwf --testbench_file=/home/student2/asazeez/Desktop/COE608/lab5/simulation/qsim/CLRA.vwf.vt
quartus_eda --functional=on --flatten_buses=off --simulation=on --tool=modelsim_oem --format=verilog --output_directory=/home/student2/asazeez/Desktop/COE608/lab5/simulation/qsim/ lab5 -c lab5
quartus_eda --gen_testbench --check_outputs=on --tool=modelsim_oem --format=verilog lab5 -c lab5 --vector_source=/home/student2/asazeez/Desktop/COE608/lab5/CLRA.vwf --testbench_file=/home/student2/asazeez/Desktop/COE608/lab5/simulation/qsim/CLRA.vwf.vt
quartus_eda --functional=on --flatten_buses=off --simulation=on --tool=modelsim_oem --format=verilog --output_directory=/home/student2/asazeez/Desktop/COE608/lab5/simulation/qsim/ lab5 -c lab5
quartus_eda --gen_testbench --check_outputs=on --tool=modelsim_oem --format=verilog lab5 -c lab5 --vector_source=/home/student2/asazeez/Desktop/COE608/lab5/CLRB.vwf --testbench_file=/home/student2/asazeez/Desktop/COE608/lab5/simulation/qsim/CLRB.vwf.vt
quartus_eda --functional=on --flatten_buses=off --simulation=on --tool=modelsim_oem --format=verilog --output_directory=/home/student2/asazeez/Desktop/COE608/lab5/simulation/qsim/ lab5 -c lab5
quartus_eda --gen_testbench --check_outputs=on --tool=modelsim_oem --format=verilog lab5 -c lab5 --vector_source=/home/student2/asazeez/Desktop/COE608/lab5/ANDI.vwf --testbench_file=/home/student2/asazeez/Desktop/COE608/lab5/simulation/qsim/ANDI.vwf.vt
quartus_eda --functional=on --flatten_buses=off --simulation=on --tool=modelsim_oem --format=verilog --output_directory=/home/student2/asazeez/Desktop/COE608/lab5/simulation/qsim/ lab5 -c lab5
quartus_eda --gen_testbench --check_outputs=on --tool=modelsim_oem --format=verilog lab5 -c lab5 --vector_source=/home/student2/asazeez/Desktop/COE608/lab5/AND.vwf --testbench_file=/home/student2/asazeez/Desktop/COE608/lab5/simulation/qsim/AND.vwf.vt
quartus_eda --functional=on --flatten_buses=off --simulation=on --tool=modelsim_oem --format=verilog --output_directory=/home/student2/asazeez/Desktop/COE608/lab5/simulation/qsim/ lab5 -c lab5
quartus_eda --gen_testbench --check_outputs=on --tool=modelsim_oem --format=verilog lab5 -c lab5 --vector_source=/home/student2/asazeez/Desktop/COE608/lab5/ORI.vwf --testbench_file=/home/student2/asazeez/Desktop/COE608/lab5/simulation/qsim/ORI.vwf.vt
quartus_eda --functional=on --flatten_buses=off --simulation=on --tool=modelsim_oem --format=verilog --output_directory=/home/student2/asazeez/Desktop/COE608/lab5/simulation/qsim/ lab5 -c lab5
quartus_eda --gen_testbench --check_outputs=on --tool=modelsim_oem --format=verilog lab5 -c lab5 --vector_source=/home/student2/asazeez/Desktop/COE608/lab5/DECA.vwf --testbench_file=/home/student2/asazeez/Desktop/COE608/lab5/simulation/qsim/DECA.vwf.vt
quartus_eda --functional=on --flatten_buses=off --simulation=on --tool=modelsim_oem --format=verilog --output_directory=/home/student2/asazeez/Desktop/COE608/lab5/simulation/qsim/ lab5 -c lab5
quartus_eda --gen_testbench --check_outputs=on --tool=modelsim_oem --format=verilog lab5 -c lab5 --vector_source=/home/student2/asazeez/Desktop/COE608/lab5/ROR.vwf --testbench_file=/home/student2/asazeez/Desktop/COE608/lab5/simulation/qsim/ROR.vwf.vt
quartus_eda --functional=on --flatten_buses=off --simulation=on --tool=modelsim_oem --format=verilog --output_directory=/home/student2/asazeez/Desktop/COE608/lab5/simulation/qsim/ lab5 -c lab5
quartus_eda --gen_testbench --check_outputs=on --tool=modelsim_oem --format=verilog lab5 -c lab5 --vector_source=/home/student2/asazeez/Desktop/COE608/lab5/LDAI.vwf --testbench_file=/home/student2/asazeez/Desktop/COE608/lab5/simulation/qsim/LDAI.vwf.vt
quartus_eda --functional=off --flatten_buses=off --timescale=1ps --simulation=on --tool=modelsim_oem --format=verilog --output_directory=/home/student2/asazeez/Desktop/COE608/lab5/simulation/qsim/ lab5 -c lab5
quartus_eda --gen_testbench --check_outputs=on --tool=modelsim_oem --format=verilog lab5 -c lab5 --vector_source=/home/student2/asazeez/Desktop/COE608/lab5/LUI.vwf --testbench_file=/home/student2/asazeez/Desktop/COE608/lab5/simulation/qsim/LUI.vwf.vt
quartus_eda --functional=on --flatten_buses=off --simulation=on --tool=modelsim_oem --format=verilog --output_directory=/home/student2/asazeez/Desktop/COE608/lab5/simulation/qsim/ lab5 -c lab5
quartus_eda --gen_testbench --check_outputs=on --tool=modelsim_oem --format=verilog lab5 -c lab5 --vector_source=/home/student2/asazeez/Desktop/COE608/lab5/BEQ.vwf --testbench_file=/home/student2/asazeez/Desktop/COE608/lab5/simulation/qsim/BEQ.vwf.vt
quartus_eda --functional=on --flatten_buses=off --simulation=on --tool=modelsim_oem --format=verilog --output_directory=/home/student2/asazeez/Desktop/COE608/lab5/simulation/qsim/ lab5 -c lab5
quartus_eda --gen_testbench --check_outputs=on --tool=modelsim_oem --format=verilog lab5 -c lab5 --vector_source=/home/student2/asazeez/Desktop/COE608/lab5/BNE.vwf --testbench_file=/home/student2/asazeez/Desktop/COE608/lab5/simulation/qsim/BNE.vwf.vt
quartus_eda --functional=on --flatten_buses=off --simulation=on --tool=modelsim_oem --format=verilog --output_directory=/home/student2/asazeez/Desktop/COE608/lab5/simulation/qsim/ lab5 -c lab5
quartus_eda --gen_testbench --check_outputs=on --tool=modelsim_oem --format=verilog lab5 -c lab5 --vector_source=/home/student2/asazeez/Desktop/COE608/lab5/BNE.vwf --testbench_file=/home/student2/asazeez/Desktop/COE608/lab5/simulation/qsim/BNE.vwf.vt
quartus_eda --functional=on --flatten_buses=off --simulation=on --tool=modelsim_oem --format=verilog --output_directory=/home/student2/asazeez/Desktop/COE608/lab5/simulation/qsim/ lab5 -c lab5
quartus_eda --gen_testbench --check_outputs=on --tool=modelsim_oem --format=verilog lab5 -c lab5 --vector_source=/home/student2/asazeez/Desktop/COE608/lab5/SUB.vwf --testbench_file=/home/student2/asazeez/Desktop/COE608/lab5/simulation/qsim/SUB.vwf.vt
quartus_eda --functional=on --flatten_buses=off --simulation=on --tool=modelsim_oem --format=verilog --output_directory=/home/student2/asazeez/Desktop/COE608/lab5/simulation/qsim/ lab5 -c lab5
quartus_eda --gen_testbench --check_outputs=on --tool=modelsim_oem --format=verilog lab5 -c lab5 --vector_source=/home/student2/asazeez/Desktop/COE608/lab5/INCA.vwf --testbench_file=/home/student2/asazeez/Desktop/COE608/lab5/simulation/qsim/INCA.vwf.vt
quartus_eda --functional=on --flatten_buses=off --simulation=on --tool=modelsim_oem --format=verilog --output_directory=/home/student2/asazeez/Desktop/COE608/lab5/simulation/qsim/ lab5 -c lab5
quartus_eda --gen_testbench --check_outputs=on --tool=modelsim_oem --format=verilog lab5 -c lab5 --vector_source=/home/student2/asazeez/Desktop/COE608/lab5/CLRA.vwf --testbench_file=/home/student2/asazeez/Desktop/COE608/lab5/simulation/qsim/CLRA.vwf.vt
quartus_eda --functional=on --flatten_buses=off --simulation=on --tool=modelsim_oem --format=verilog --output_directory=/home/student2/asazeez/Desktop/COE608/lab5/simulation/qsim/ lab5 -c lab5
quartus_eda --gen_testbench --check_outputs=on --tool=modelsim_oem --format=verilog lab5 -c lab5 --vector_source=/home/student2/asazeez/Desktop/COE608/lab5/CLRA.vwf --testbench_file=/home/student2/asazeez/Desktop/COE608/lab5/simulation/qsim/CLRA.vwf.vt
quartus_eda --functional=on --flatten_buses=off --simulation=on --tool=modelsim_oem --format=verilog --output_directory=/home/student2/asazeez/Desktop/COE608/lab5/simulation/qsim/ lab5 -c lab5
quartus_eda --gen_testbench --check_outputs=on --tool=modelsim_oem --format=verilog lab5 -c lab5 --vector_source=/home/student2/asazeez/Desktop/COE608/lab5/AND.vwf --testbench_file=/home/student2/asazeez/Desktop/COE608/lab5/simulation/qsim/AND.vwf.vt
quartus_eda --functional=on --flatten_buses=off --simulation=on --tool=modelsim_oem --format=verilog --output_directory=/home/student2/asazeez/Desktop/COE608/lab5/simulation/qsim/ lab5 -c lab5
quartus_eda --gen_testbench --check_outputs=on --tool=modelsim_oem --format=verilog lab5 -c lab5 --vector_source=/home/student2/asazeez/Desktop/COE608/lab5/ROR.vwf --testbench_file=/home/student2/asazeez/Desktop/COE608/lab5/simulation/qsim/ROR.vwf.vt
quartus_eda --functional=on --flatten_buses=off --simulation=on --tool=modelsim_oem --format=verilog --output_directory=/home/student2/asazeez/Desktop/COE608/lab5/simulation/qsim/ lab5 -c lab5
quartus_eda --gen_testbench --check_outputs=on --tool=modelsim_oem --format=verilog lab5 -c lab5 --vector_source=/home/student2/asazeez/Desktop/COE608/lab5/AND.vwf --testbench_file=/home/student2/asazeez/Desktop/COE608/lab5/simulation/qsim/AND.vwf.vt
quartus_eda --functional=on --flatten_buses=off --simulation=on --tool=modelsim_oem --format=verilog --output_directory=/home/student2/asazeez/Desktop/COE608/lab5/simulation/qsim/ lab5 -c lab5
quartus_eda --gen_testbench --check_outputs=on --tool=modelsim_oem --format=verilog lab5 -c lab5 --vector_source=/home/student2/asazeez/Desktop/COE608/lab5/AND.vwf --testbench_file=/home/student2/asazeez/Desktop/COE608/lab5/simulation/qsim/AND.vwf.vt
quartus_eda --functional=on --flatten_buses=off --simulation=on --tool=modelsim_oem --format=verilog --output_directory=/home/student2/asazeez/Desktop/COE608/lab5/simulation/qsim/ lab5 -c lab5
quartus_eda --gen_testbench --check_outputs=on --tool=modelsim_oem --format=verilog lab5 -c lab5 --vector_source=/home/student2/asazeez/Desktop/COE608/lab5/BEQ.vwf --testbench_file=/home/student2/asazeez/Desktop/COE608/lab5/simulation/qsim/BEQ.vwf.vt
quartus_eda --functional=on --flatten_buses=off --simulation=on --tool=modelsim_oem --format=verilog --output_directory=/home/student2/asazeez/Desktop/COE608/lab5/simulation/qsim/ lab5 -c lab5
quartus_eda --gen_testbench --check_outputs=on --tool=modelsim_oem --format=verilog lab5 -c lab5 --vector_source=/home/student2/asazeez/Desktop/COE608/lab5/ADDI.vwf --testbench_file=/home/student2/asazeez/Desktop/COE608/lab5/simulation/qsim/ADDI.vwf.vt
quartus_eda --functional=on --flatten_buses=off --simulation=on --tool=modelsim_oem --format=verilog --output_directory=/home/student2/asazeez/Desktop/COE608/lab5/simulation/qsim/ lab5 -c lab5
quartus_eda --gen_testbench --check_outputs=on --tool=modelsim_oem --format=verilog lab5 -c lab5 --vector_source=/home/student2/asazeez/Desktop/COE608/lab5/DECA.vwf --testbench_file=/home/student2/asazeez/Desktop/COE608/lab5/simulation/qsim/DECA.vwf.vt
quartus_eda --functional=on --flatten_buses=off --simulation=on --tool=modelsim_oem --format=verilog --output_directory=/home/student2/asazeez/Desktop/COE608/lab5/simulation/qsim/ lab5 -c lab5



